<?xml version="1.0" encoding="UTF-8"?>
<!-- Generated by org.testng.reporters.JUnitReportReporter -->
<testsuite hostname="DESKTOP-NFCUDP0" failures="0" tests="1" name="com.learn.testcase.Dashboard" time="4.019" errors="0" timestamp="2022-12-22T10:03:43 IST" skipped="0">
  <testcase classname="com.learn.testcase.Dashboard" name="Dashboard" time="4.019"/>
  <system-out/>
</testsuite> <!-- com.learn.testcase.Dashboard -->
