<?xml version="1.0" encoding="UTF-8"?>
<!-- Generated by org.testng.reporters.JUnitReportReporter -->
<testsuite hostname="DESKTOP-NFCUDP0" failures="0" tests="10" name="com.learn.testcase.LoginTestCRM" time="89.159" errors="0" timestamp="2022-12-22T14:16:11 IST" skipped="0">
  <testcase classname="com.learn.testcase.LoginTestCRM" name="loginApp" time="21.099"/>
  <system-out/>
  <testcase classname="com.learn.testcase.LoginTestCRM" name="Dashboard" time="2.155"/>
  <system-out/>
  <testcase classname="com.learn.testcase.LoginTestCRM" name="ManageSupervisorPage" time="3.156"/>
  <system-out/>
  <testcase classname="com.learn.testcase.LoginTestCRM" name="AddSupervisorPage" time="3.164"/>
  <system-out/>
  <testcase classname="com.learn.testcase.LoginTestCRM" name="InsertsupervisorPage" time="8.528"/>
  <system-out/>
  <testcase classname="com.learn.testcase.LoginTestCRM" name="PopupHandler" time="3.206"/>
  <system-out/>
  <testcase classname="com.learn.testcase.LoginTestCRM" name="SupervisorSearch" time="4.136"/>
  <system-out/>
  <testcase classname="com.learn.testcase.LoginTestCRM" name="SupervisorEditPage" time="15.849"/>
  <system-out/>
  <testcase classname="com.learn.testcase.LoginTestCRM" name="SupervisorViewPage" time="7.365"/>
  <system-out/>
  <testcase classname="com.learn.testcase.LoginTestCRM" name="SupervisorDelete" time="20.501"/>
  <system-out/>
</testsuite> <!-- com.learn.testcase.LoginTestCRM -->
